12:52:14.878 INFO  TestNGTestCases -Launching MailChimp.com on Chrome Browser
12:52:17.069 INFO  TestNGTestCases -Maximizing Window
12:52:19.167 INFO  TestNGTestCases -Scrolling 'About MailChimp' link into View
12:52:23.389 INFO  TestNGTestCases -Clicking on the about link
12:52:25.575 INFO  TestNGTestCases -Terminated the browser
12:54:07.413 INFO  TestNGTestCases -Launching MailChimp.com on Chrome Browser
12:54:09.577 INFO  TestNGTestCases -Maximizing Window
12:54:11.675 INFO  TestNGTestCases -Scrolling 'About MailChimp' link into View
12:54:15.893 INFO  TestNGTestCases -Clicking on the about link
12:54:18.099 INFO  TestNGTestCases -Terminated the browser
13:15:43.422 INFO  TestNGTestCases -Launching MailChimp.com on Chrome Browser
13:15:45.594 INFO  TestNGTestCases -Maximizing Window
13:15:47.738 INFO  TestNGTestCases -Scrolling 'About MailChimp' link into View
13:15:52.010 INFO  TestNGTestCases -Clicking on the about link
13:15:54.124 INFO  TestNGTestCases -Terminated the browser
13:20:14.840 INFO  TestNGTestCases -Launching MailChimp.com on Chrome Browser
13:20:17.005 INFO  TestNGTestCases -Maximizing Window
13:20:19.098 INFO  TestNGTestCases -Scrolling 'About MailChimp' link into View
13:20:23.341 INFO  TestNGTestCases -Clicking on the about link
13:20:25.459 INFO  TestNGTestCases -Terminated the browser
13:21:15.440 INFO  TestNGTestCases -Launching MailChimp.com on Chrome Browser
13:21:17.611 INFO  TestNGTestCases -Maximizing Window
13:21:19.706 INFO  TestNGTestCases -Scrolling 'About MailChimp' link into View
13:21:23.814 INFO  TestNGTestCases -Clicking on the about link
13:21:25.940 INFO  TestNGTestCases -Terminated the browser
13:28:25.535 INFO  TestNGTestCases -Launching MailChimp.com on Chrome Browser
13:28:27.720 INFO  TestNGTestCases -Maximizing Window
13:28:29.809 INFO  TestNGTestCases -Scrolling 'About MailChimp' link into View
13:28:34.069 INFO  TestNGTestCases -Clicking on the about link
13:28:36.190 INFO  TestNGTestCases -Terminated the browser
13:30:23.835 INFO  TestNGTestCases -Launching MailChimp.com on Chrome Browser
13:30:26.002 INFO  TestNGTestCases -Maximizing Window
13:30:28.116 INFO  TestNGTestCases -Scrolling 'About MailChimp' link into View
13:30:32.173 INFO  TestNGTestCases -Clicking on the about link
13:30:34.303 INFO  TestNGTestCases -Terminated the browser
